[debug] [2021-08-25T09:08:25.818Z] ----------------------------------------------------------------------
[debug] [2021-08-25T09:08:25.820Z] Command:       /home/sir/.nvm/versions/node/v14.17.5/bin/node /home/sir/.nvm/versions/node/v14.17.5/bin/firebase deploy
[debug] [2021-08-25T09:08:25.821Z] CLI Version:   9.16.5
[debug] [2021-08-25T09:08:25.821Z] Platform:      linux
[debug] [2021-08-25T09:08:25.821Z] Node Version:  v14.17.5
[debug] [2021-08-25T09:08:25.822Z] Time:          Wed Aug 25 2021 05:08:25 GMT-0400 (Eastern Daylight Time)
[debug] [2021-08-25T09:08:25.822Z] ----------------------------------------------------------------------
[debug] 
[debug] [2021-08-25T09:08:25.880Z] > command requires scopes: ["email","openid","https://www.googleapis.com/auth/cloudplatformprojects.readonly","https://www.googleapis.com/auth/firebase","https://www.googleapis.com/auth/cloud-platform"]
[debug] [2021-08-25T09:08:25.880Z] > authorizing via signed-in user (connecivityisproductivity@gmail.com)
[debug] [2021-08-25T09:08:25.880Z] [iam] checking project bridge-africa-api for permissions ["firebase.projects.get","firebasehosting.sites.update"]
[debug] [2021-08-25T09:08:25.882Z] > refreshing access token with scopes: ["email","https://www.googleapis.com/auth/cloud-platform","https://www.googleapis.com/auth/cloudplatformprojects.readonly","https://www.googleapis.com/auth/firebase","openid"]
[debug] [2021-08-25T09:08:25.883Z] >>> HTTP REQUEST POST https://www.googleapis.com/oauth2/v3/token  
 <request body omitted>
[debug] [2021-08-25T09:08:29.527Z] <<< HTTP RESPONSE 200 {"expires":"Mon, 01 Jan 1990 00:00:00 GMT","date":"Wed, 25 Aug 2021 09:08:28 GMT","pragma":"no-cache","cache-control":"no-cache, no-store, max-age=0, must-revalidate","content-type":"application/json; charset=utf-8","vary":"X-Origin, Referer, Origin,Accept-Encoding","server":"scaffolding on HTTPServer2","x-xss-protection":"0","x-frame-options":"SAMEORIGIN","x-content-type-options":"nosniff","alt-svc":"h3=\":443\"; ma=2592000,h3-29=\":443\"; ma=2592000,h3-T051=\":443\"; ma=2592000,h3-Q050=\":443\"; ma=2592000,h3-Q046=\":443\"; ma=2592000,h3-Q043=\":443\"; ma=2592000,quic=\":443\"; ma=2592000; v=\"46,43\"","accept-ranges":"none","transfer-encoding":"chunked"}
[debug] [2021-08-25T09:08:29.539Z] >>> HTTP REQUEST POST https://cloudresourcemanager.googleapis.com/v1/projects/bridge-africa-api:testIamPermissions  
 {"permissions":["firebase.projects.get","firebasehosting.sites.update"]}
[debug] [2021-08-25T09:08:33.451Z] <<< HTTP RESPONSE 200 {"content-type":"application/json; charset=UTF-8","vary":"X-Origin, Referer, Origin,Accept-Encoding","date":"Wed, 25 Aug 2021 09:08:32 GMT","server":"ESF","cache-control":"private","x-xss-protection":"0","x-frame-options":"SAMEORIGIN","x-content-type-options":"nosniff","server-timing":"gfet4t7; dur=550","alt-svc":"h3=\":443\"; ma=2592000,h3-29=\":443\"; ma=2592000,h3-T051=\":443\"; ma=2592000,h3-Q050=\":443\"; ma=2592000,h3-Q046=\":443\"; ma=2592000,h3-Q043=\":443\"; ma=2592000,quic=\":443\"; ma=2592000; v=\"46,43\"","accept-ranges":"none","transfer-encoding":"chunked"}
[debug] [2021-08-25T09:08:33.453Z] > refreshing access token with scopes: []
[debug] [2021-08-25T09:08:33.453Z] >>> HTTP REQUEST POST https://www.googleapis.com/oauth2/v3/token  
 <request body omitted>
[debug] [2021-08-25T09:08:34.395Z] <<< HTTP RESPONSE 200 {"date":"Wed, 25 Aug 2021 09:08:34 GMT","cache-control":"no-cache, no-store, max-age=0, must-revalidate","expires":"Mon, 01 Jan 1990 00:00:00 GMT","pragma":"no-cache","content-type":"application/json; charset=utf-8","vary":"X-Origin, Referer, Origin,Accept-Encoding","server":"scaffolding on HTTPServer2","x-xss-protection":"0","x-frame-options":"SAMEORIGIN","x-content-type-options":"nosniff","alt-svc":"h3=\":443\"; ma=2592000,h3-29=\":443\"; ma=2592000,h3-T051=\":443\"; ma=2592000,h3-Q050=\":443\"; ma=2592000,h3-Q046=\":443\"; ma=2592000,h3-Q043=\":443\"; ma=2592000,quic=\":443\"; ma=2592000; v=\"46,43\"","accept-ranges":"none","transfer-encoding":"chunked"}
[debug] [2021-08-25T09:08:34.414Z] >>> [apiv2][query] GET https://firebase.googleapis.com/v1beta1/projects/bridge-africa-api [none]
[debug] [2021-08-25T09:08:37.368Z] <<< [apiv2][status] GET https://firebase.googleapis.com/v1beta1/projects/bridge-africa-api 200
[debug] [2021-08-25T09:08:37.368Z] <<< [apiv2][body] GET https://firebase.googleapis.com/v1beta1/projects/bridge-africa-api {"projectId":"bridge-africa-api","projectNumber":"50055115922","displayName":"bridge-africa-api","name":"projects/bridge-africa-api","resources":{"hostingSite":"bridge-africa-api"},"state":"ACTIVE"}
[info] 
[info] === Deploying to 'bridge-africa-api'...
[info] 
[info] i  deploying hosting 
[debug] [2021-08-25T09:08:37.373Z] > refreshing access token with scopes: ["email","https://www.googleapis.com/auth/cloud-platform","https://www.googleapis.com/auth/cloudplatformprojects.readonly","https://www.googleapis.com/auth/firebase","openid"]
[debug] [2021-08-25T09:08:37.373Z] >>> HTTP REQUEST POST https://www.googleapis.com/oauth2/v3/token  
 <request body omitted>
